============================================================
Time  2021/03/03 11:02:29 666 
============================================================
[2021/03/03 11:02:29 666] isr        1659 isr loaded!  
[2021/03/03 11:02:29 666] isr        1642 SYS_MSG_REGCB param0 =   msp_status_cb  param1 =   func(d802f680) 
[2021/03/03 11:02:29 666] isr        1537 ASR_MSG_SSB  
[2021/03/03 11:02:29 666] isr        1066 session_begin() [in], params:   sub = iat, domain = iat, language = zh_cn, accent = mandarin, sample_rate = 16000, result_type = plain, result_encoding = utf8  nil  
[2021/03/03 11:02:29 666] isr        927  vad_set [in]  
[2021/03/03 11:02:29 666] isr        962  vad_enable :  true  
[2021/03/03 11:02:29 666] isr        980  vad_bos :  10000  
[2021/03/03 11:02:29 666] isr        981  vad_eos :  2000  
[2021/03/03 11:02:29 666] isr        886  enable_vad [in]  
[2021/03/03 11:02:29 667] isr        918  vad enabled!  2000  10000  
[2021/03/03 11:02:29 667] isr        921  enable_vad [out]  
[2021/03/03 11:02:29 667] isr        987  vad_set [out] | ret =  0  
[2021/03/03 11:02:29 667] isr        1187 cur_engine_type =   cloud  
[2021/03/03 11:02:29 667] isr        1001 cloud_session_begin  
[2021/03/03 11:02:29 667] isr        1013 unknown  
[2021/03/03 11:02:29 905] isr        1547 ASR_MSG_AUW,   cloud  
[2021/03/03 11:02:29 906] isr        1559 3200  1  
[2021/03/03 11:02:29 906] isr        1569 once_bytes:   3200  
[2021/03/03 11:02:29 907] isr        1547 ASR_MSG_AUW,   cloud  
[2021/03/03 11:02:29 907] isr        1559 3200  2  
[2021/03/03 11:02:29 909] isr        851  [aud] speech start  
[2021/03/03 11:02:29 909] isr        798  1  msc  
[2021/03/03 11:02:29 976] isr        700  cloud_status_cb, eps:  1  
[2021/03/03 11:02:29 976] isr        798  1  cloud  
[2021/03/03 11:02:29 976] isr        813  cloud eps ignored  
[2021/03/03 11:02:30 064] isr        1547 ASR_MSG_AUW,   cloud  
[2021/03/03 11:02:30 065] isr        1559 3200  2  
[2021/03/03 11:02:30 065] isr        1547 ASR_MSG_AUW,   cloud  
[2021/03/03 11:02:30 065] isr        1559 3200  2  
[2021/03/03 11:02:30 228] isr        1547 ASR_MSG_AUW,   cloud  
[2021/03/03 11:02:30 228] isr        1559 3200  2  
[2021/03/03 11:02:30 385] isr        1547 ASR_MSG_AUW,   cloud  
[2021/03/03 11:02:30 385] isr        1559 3200  2  
[2021/03/03 11:02:30 386] isr        1547 ASR_MSG_AUW,   cloud  
[2021/03/03 11:02:30 387] isr        1559 3200  2  
[2021/03/03 11:02:30 548] isr        1547 ASR_MSG_AUW,   cloud  
[2021/03/03 11:02:30 548] isr        1559 3200  2  
[2021/03/03 11:02:30 712] isr        1547 ASR_MSG_AUW,   cloud  
[2021/03/03 11:02:30 712] isr        1559 3200  2  
[2021/03/03 11:02:30 714] isr        1547 ASR_MSG_AUW,   cloud  
[2021/03/03 11:02:30 714] isr        1559 3200  2  
[2021/03/03 11:02:30 874] isr        1547 ASR_MSG_AUW,   cloud  
[2021/03/03 11:02:30 874] isr        1559 3200  2  
[2021/03/03 11:02:30 875] isr        1547 ASR_MSG_AUW,   cloud  
[2021/03/03 11:02:30 875] isr        1559 3200  2  
[2021/03/03 11:02:31 025] isr        1547 ASR_MSG_AUW,   cloud  
[2021/03/03 11:02:31 025] isr        1559 3200  2  
[2021/03/03 11:02:31 189] isr        1547 ASR_MSG_AUW,   cloud  
[2021/03/03 11:02:31 189] isr        1559 3200  2  
[2021/03/03 11:02:31 190] isr        1547 ASR_MSG_AUW,   cloud  
[2021/03/03 11:02:31 190] isr        1559 3200  2  
[2021/03/03 11:02:31 352] isr        1547 ASR_MSG_AUW,   cloud  
[2021/03/03 11:02:31 352] isr        1559 3200  2  
[2021/03/03 11:02:31 514] isr        1547 ASR_MSG_AUW,   cloud  
[2021/03/03 11:02:31 514] isr        1559 3200  2  
[2021/03/03 11:02:31 514] isr        1547 ASR_MSG_AUW,   cloud  
[2021/03/03 11:02:31 514] isr        1559 3200  2  
[2021/03/03 11:02:31 677] isr        1547 ASR_MSG_AUW,   cloud  
[2021/03/03 11:02:31 678] isr        1559 3200  2  
[2021/03/03 11:02:31 679] isr        1547 ASR_MSG_AUW,   cloud  
[2021/03/03 11:02:31 679] isr        1559 3200  2  
[2021/03/03 11:02:31 840] isr        1547 ASR_MSG_AUW,   cloud  
[2021/03/03 11:02:31 840] isr        1559 3200  2  
[2021/03/03 11:02:32 003] isr        1547 ASR_MSG_AUW,   cloud  
[2021/03/03 11:02:32 003] isr        1559 3200  2  
[2021/03/03 11:02:32 003] isr        1547 ASR_MSG_AUW,   cloud  
[2021/03/03 11:02:32 003] isr        1559 3200  2  
[2021/03/03 11:02:32 167] isr        1547 ASR_MSG_AUW,   cloud  
[2021/03/03 11:02:32 167] isr        1559 3200  2  
[2021/03/03 11:02:32 168] isr        1547 ASR_MSG_AUW,   cloud  
[2021/03/03 11:02:32 168] isr        1559 3200  2  
[2021/03/03 11:02:32 307] isr        1547 ASR_MSG_AUW,   cloud  
[2021/03/03 11:02:32 307] isr        1559 3200  2  
[2021/03/03 11:02:32 470] isr        1547 ASR_MSG_AUW,   cloud  
[2021/03/03 11:02:32 470] isr        1559 3200  2  
[2021/03/03 11:02:32 472] isr        1547 ASR_MSG_AUW,   cloud  
[2021/03/03 11:02:32 472] isr        1559 3200  2  
[2021/03/03 11:02:32 634] isr        1547 ASR_MSG_AUW,   cloud  
[2021/03/03 11:02:32 634] isr        1559 3200  2  
[2021/03/03 11:02:32 796] isr        1547 ASR_MSG_AUW,   cloud  
[2021/03/03 11:02:32 796] isr        1559 3200  2  
[2021/03/03 11:02:32 797] isr        1547 ASR_MSG_AUW,   cloud  
[2021/03/03 11:02:32 797] isr        1559 3200  2  
[2021/03/03 11:02:32 960] isr        1547 ASR_MSG_AUW,   cloud  
[2021/03/03 11:02:32 960] isr        1559 3200  2  
[2021/03/03 11:02:33 123] isr        1547 ASR_MSG_AUW,   cloud  
[2021/03/03 11:02:33 123] isr        1559 3200  2  
[2021/03/03 11:02:33 125] isr        1547 ASR_MSG_AUW,   cloud  
[2021/03/03 11:02:33 125] isr        1559 3200  2  
[2021/03/03 11:02:33 286] isr        1547 ASR_MSG_AUW,   cloud  
[2021/03/03 11:02:33 287] isr        1559 3200  2  
[2021/03/03 11:02:33 288] isr        1547 ASR_MSG_AUW,   cloud  
[2021/03/03 11:02:33 288] isr        1559 3200  2  
[2021/03/03 11:02:33 450] isr        1547 ASR_MSG_AUW,   cloud  
[2021/03/03 11:02:33 450] isr        1559 3200  2  
[2021/03/03 11:02:33 614] isr        1547 ASR_MSG_AUW,   cloud  
[2021/03/03 11:02:33 615] isr        1559 3200  2  
[2021/03/03 11:02:33 616] isr        1547 ASR_MSG_AUW,   cloud  
[2021/03/03 11:02:33 616] isr        1559 3200  2  
[2021/03/03 11:02:33 777] isr        1547 ASR_MSG_AUW,   cloud  
[2021/03/03 11:02:33 778] isr        1559 3200  2  
[2021/03/03 11:02:33 778] isr        1547 ASR_MSG_AUW,   cloud  
[2021/03/03 11:02:33 779] isr        1559 3200  2  
[2021/03/03 11:02:33 940] isr        1547 ASR_MSG_AUW,   cloud  
[2021/03/03 11:02:33 940] isr        1559 3200  2  
[2021/03/03 11:02:34 104] isr        1547 ASR_MSG_AUW,   cloud  
[2021/03/03 11:02:34 104] isr        1559 3200  2  
[2021/03/03 11:02:34 105] isr        1547 ASR_MSG_AUW,   cloud  
[2021/03/03 11:02:34 106] isr        1559 3200  2  
[2021/03/03 11:02:34 268] isr        1547 ASR_MSG_AUW,   cloud  
[2021/03/03 11:02:34 268] isr        1559 3200  2  
[2021/03/03 11:02:34 269] isr        1547 ASR_MSG_AUW,   cloud  
[2021/03/03 11:02:34 269] isr        1559 3200  2  
[2021/03/03 11:02:34 432] isr        1547 ASR_MSG_AUW,   cloud  
[2021/03/03 11:02:34 432] isr        1559 3200  2  
[2021/03/03 11:02:34 595] isr        1547 ASR_MSG_AUW,   cloud  
[2021/03/03 11:02:34 595] isr        1559 3200  2  
[2021/03/03 11:02:34 596] isr        1547 ASR_MSG_AUW,   cloud  
[2021/03/03 11:02:34 596] isr        1559 3200  2  
[2021/03/03 11:02:34 758] isr        1547 ASR_MSG_AUW,   cloud  
[2021/03/03 11:02:34 758] isr        1559 3200  2  
[2021/03/03 11:02:34 922] isr        1547 ASR_MSG_AUW,   cloud  
[2021/03/03 11:02:34 922] isr        1559 3200  2  
[2021/03/03 11:02:34 923] isr        1547 ASR_MSG_AUW,   cloud  
[2021/03/03 11:02:34 923] isr        1559 3200  2  
[2021/03/03 11:02:35 084] isr        1547 ASR_MSG_AUW,   cloud  
[2021/03/03 11:02:35 085] isr        1559 3200  2  
[2021/03/03 11:02:35 086] isr        1547 ASR_MSG_AUW,   cloud  
[2021/03/03 11:02:35 086] isr        1559 3200  2  
[2021/03/03 11:02:35 088] isr        854  [aud] speech end  
[2021/03/03 11:02:35 088] isr        798  3  msc  
[2021/03/03 11:02:35 088] isr        864  aud end, MSC VAD  
[2021/03/03 11:02:35 197] isr        700  cloud_status_cb, eps:  3  
[2021/03/03 11:02:35 197] isr        798  3  cloud  
[2021/03/03 11:02:35 197] isr        800  already speech end  
[2021/03/03 11:02:35 201] isr        662  cloud_rslt_cb status =   5  
[2021/03/03 11:02:35 201] isr        641  process_result call:  cloud  nil  5  nil  
[2021/03/03 11:02:35 201] isr        798  3  msc  
[2021/03/03 11:02:35 201] isr        800  already speech end  
[2021/03/03 11:02:35 226] isr        1547 ASR_MSG_AUW,   cloud  
[2021/03/03 11:02:35 226] isr        1559 3200  2  
[2021/03/03 11:02:35 228] isr        1636 ASR_MSG_GRSLT,   cloud  
[2021/03/03 11:02:35 228] isr        1335 0  nil  5  
[2021/03/03 11:02:35 329] isr        1639 ASR_MSG_SSE,   cloud  
[2021/03/03 11:02:35 329] isr        1356 session_end() [in]  
[2021/03/03 11:02:35 329] isr        1421 cloud_session_end() [in]  
[2021/03/03 11:02:35 332] isr        1488 ns_host=  open.xf-yun.com  
[2021/03/03 11:02:35 332] isr        1498 tick()mod=  4350650  
[2021/03/03 11:02:35 332] isr        1499 tick()=  4350650  
[2021/03/03 11:02:35 332] isr        1501 diff=  5447  
[2021/03/03 11:02:35 333] isr        1514 cloud_session_end() [out]  
[2021/03/03 11:02:35 333] isr        1667 isr unload!  
============================================================
Time  2021/03/03 11:02:57 511 
============================================================
[2021/03/03 11:02:57 511] isr        1659 isr loaded!  
[2021/03/03 11:02:57 511] isr        1642 SYS_MSG_REGCB param0 =   msp_status_cb  param1 =   func(3c02f680) 
[2021/03/03 11:02:57 511] isr        1537 ASR_MSG_SSB  
[2021/03/03 11:02:57 511] isr        1066 session_begin() [in], params:   sub = iat, domain = iat, language = zh_cn, accent = mandarin, sample_rate = 16000, result_type = plain, result_encoding = utf8  nil  
[2021/03/03 11:02:57 512] isr        927  vad_set [in]  
[2021/03/03 11:02:57 512] isr        962  vad_enable :  true  
[2021/03/03 11:02:57 512] isr        980  vad_bos :  10000  
[2021/03/03 11:02:57 512] isr        981  vad_eos :  2000  
[2021/03/03 11:02:57 512] isr        886  enable_vad [in]  
[2021/03/03 11:02:57 512] isr        918  vad enabled!  2000  10000  
[2021/03/03 11:02:57 512] isr        921  enable_vad [out]  
[2021/03/03 11:02:57 512] isr        987  vad_set [out] | ret =  0  
[2021/03/03 11:02:57 512] isr        1187 cur_engine_type =   cloud  
[2021/03/03 11:02:57 512] isr        1001 cloud_session_begin  
[2021/03/03 11:02:57 512] isr        1013 unknown  
[2021/03/03 11:02:57 748] isr        1547 ASR_MSG_AUW,   cloud  
[2021/03/03 11:02:57 748] isr        1559 3200  1  
[2021/03/03 11:02:57 749] isr        1569 once_bytes:   3200  
[2021/03/03 11:02:57 749] isr        1547 ASR_MSG_AUW,   cloud  
[2021/03/03 11:02:57 750] isr        1559 3200  2  
[2021/03/03 11:02:57 751] isr        851  [aud] speech start  
[2021/03/03 11:02:57 752] isr        798  1  msc  
[2021/03/03 11:02:57 806] isr        700  cloud_status_cb, eps:  1  
[2021/03/03 11:02:57 807] isr        798  1  cloud  
[2021/03/03 11:02:57 807] isr        813  cloud eps ignored  
[2021/03/03 11:02:57 909] isr        1547 ASR_MSG_AUW,   cloud  
[2021/03/03 11:02:57 909] isr        1559 3200  2  
[2021/03/03 11:02:58 072] isr        1547 ASR_MSG_AUW,   cloud  
[2021/03/03 11:02:58 073] isr        1559 3200  2  
[2021/03/03 11:02:58 074] isr        1547 ASR_MSG_AUW,   cloud  
[2021/03/03 11:02:58 074] isr        1559 3200  2  
[2021/03/03 11:02:58 229] isr        1547 ASR_MSG_AUW,   cloud  
[2021/03/03 11:02:58 230] isr        1559 3200  2  
[2021/03/03 11:02:58 232] isr        1547 ASR_MSG_AUW,   cloud  
[2021/03/03 11:02:58 232] isr        1559 3200  2  
[2021/03/03 11:02:58 393] isr        1547 ASR_MSG_AUW,   cloud  
[2021/03/03 11:02:58 393] isr        1559 3200  2  
[2021/03/03 11:02:58 556] isr        1547 ASR_MSG_AUW,   cloud  
[2021/03/03 11:02:58 556] isr        1559 3200  2  
[2021/03/03 11:02:58 557] isr        1547 ASR_MSG_AUW,   cloud  
[2021/03/03 11:02:58 557] isr        1559 3200  2  
[2021/03/03 11:02:58 719] isr        1547 ASR_MSG_AUW,   cloud  
[2021/03/03 11:02:58 719] isr        1559 3200  2  
[2021/03/03 11:02:58 720] isr        1547 ASR_MSG_AUW,   cloud  
[2021/03/03 11:02:58 720] isr        1559 3200  2  
[2021/03/03 11:02:58 869] isr        1547 ASR_MSG_AUW,   cloud  
[2021/03/03 11:02:58 869] isr        1559 3200  2  
[2021/03/03 11:02:59 033] isr        1547 ASR_MSG_AUW,   cloud  
[2021/03/03 11:02:59 034] isr        1559 3200  2  
[2021/03/03 11:02:59 035] isr        1547 ASR_MSG_AUW,   cloud  
[2021/03/03 11:02:59 035] isr        1559 3200  2  
[2021/03/03 11:02:59 197] isr        1547 ASR_MSG_AUW,   cloud  
[2021/03/03 11:02:59 197] isr        1559 3200  2  
[2021/03/03 11:02:59 360] isr        1547 ASR_MSG_AUW,   cloud  
[2021/03/03 11:02:59 361] isr        1559 3200  2  
[2021/03/03 11:02:59 362] isr        1547 ASR_MSG_AUW,   cloud  
[2021/03/03 11:02:59 362] isr        1559 3200  2  
[2021/03/03 11:02:59 523] isr        1547 ASR_MSG_AUW,   cloud  
[2021/03/03 11:02:59 524] isr        1559 3200  2  
[2021/03/03 11:02:59 524] isr        1547 ASR_MSG_AUW,   cloud  
[2021/03/03 11:02:59 525] isr        1559 3200  2  
[2021/03/03 11:02:59 687] isr        1547 ASR_MSG_AUW,   cloud  
[2021/03/03 11:02:59 687] isr        1559 3200  2  
[2021/03/03 11:02:59 850] isr        1547 ASR_MSG_AUW,   cloud  
[2021/03/03 11:02:59 850] isr        1559 3200  2  
[2021/03/03 11:02:59 851] isr        1547 ASR_MSG_AUW,   cloud  
[2021/03/03 11:02:59 851] isr        1559 3200  2  
[2021/03/03 11:03:00 013] isr        1547 ASR_MSG_AUW,   cloud  
[2021/03/03 11:03:00 013] isr        1559 3200  2  
[2021/03/03 11:03:00 014] isr        1547 ASR_MSG_AUW,   cloud  
[2021/03/03 11:03:00 014] isr        1559 3200  2  
[2021/03/03 11:03:00 150] isr        1547 ASR_MSG_AUW,   cloud  
[2021/03/03 11:03:00 151] isr        1559 3200  2  
[2021/03/03 11:03:00 313] isr        1547 ASR_MSG_AUW,   cloud  
[2021/03/03 11:03:00 314] isr        1559 3200  2  
[2021/03/03 11:03:00 315] isr        1547 ASR_MSG_AUW,   cloud  
[2021/03/03 11:03:00 315] isr        1559 3200  2  
[2021/03/03 11:03:00 476] isr        1547 ASR_MSG_AUW,   cloud  
[2021/03/03 11:03:00 476] isr        1559 3200  2  
[2021/03/03 11:03:00 639] isr        1547 ASR_MSG_AUW,   cloud  
[2021/03/03 11:03:00 639] isr        1559 3200  2  
[2021/03/03 11:03:00 640] isr        1547 ASR_MSG_AUW,   cloud  
[2021/03/03 11:03:00 641] isr        1559 3200  2  
[2021/03/03 11:03:00 802] isr        1547 ASR_MSG_AUW,   cloud  
[2021/03/03 11:03:00 803] isr        1559 3200  2  
[2021/03/03 11:03:00 966] isr        1547 ASR_MSG_AUW,   cloud  
[2021/03/03 11:03:00 966] isr        1559 3200  2  
[2021/03/03 11:03:00 967] isr        1547 ASR_MSG_AUW,   cloud  
[2021/03/03 11:03:00 967] isr        1559 3200  2  
[2021/03/03 11:03:01 128] isr        1547 ASR_MSG_AUW,   cloud  
[2021/03/03 11:03:01 128] isr        1559 3200  2  
[2021/03/03 11:03:01 129] isr        1547 ASR_MSG_AUW,   cloud  
[2021/03/03 11:03:01 129] isr        1559 3200  2  
[2021/03/03 11:03:01 293] isr        1547 ASR_MSG_AUW,   cloud  
[2021/03/03 11:03:01 293] isr        1559 3200  2  
[2021/03/03 11:03:01 456] isr        1547 ASR_MSG_AUW,   cloud  
[2021/03/03 11:03:01 456] isr        1559 3200  2  
[2021/03/03 11:03:01 457] isr        1547 ASR_MSG_AUW,   cloud  
[2021/03/03 11:03:01 458] isr        1559 3200  2  
[2021/03/03 11:03:01 619] isr        1547 ASR_MSG_AUW,   cloud  
[2021/03/03 11:03:01 619] isr        1559 3200  2  
[2021/03/03 11:03:01 620] isr        1547 ASR_MSG_AUW,   cloud  
[2021/03/03 11:03:01 620] isr        1559 3200  2  
[2021/03/03 11:03:01 782] isr        1547 ASR_MSG_AUW,   cloud  
[2021/03/03 11:03:01 782] isr        1559 3200  2  
[2021/03/03 11:03:01 945] isr        1547 ASR_MSG_AUW,   cloud  
[2021/03/03 11:03:01 946] isr        1559 3200  2  
[2021/03/03 11:03:01 946] isr        1547 ASR_MSG_AUW,   cloud  
[2021/03/03 11:03:01 947] isr        1559 3200  2  
[2021/03/03 11:03:02 006] isr        662  cloud_rslt_cb status =   0  
[2021/03/03 11:03:02 006] isr        641  process_result call:  cloud  udata(3c036ea8) 0  nil  
[2021/03/03 11:03:02 109] isr        1547 ASR_MSG_AUW,   cloud  
[2021/03/03 11:03:02 109] isr        1559 3200  2  
[2021/03/03 11:03:02 273] isr        1547 ASR_MSG_AUW,   cloud  
[2021/03/03 11:03:02 273] isr        1559 3200  2  
[2021/03/03 11:03:02 274] isr        1636 ASR_MSG_GRSLT,   cloud  
[2021/03/03 11:03:02 274] isr        1335 0  udata(3c036ea8) 0  
[2021/03/03 11:03:02 275] isr        1547 ASR_MSG_AUW,   cloud  
[2021/03/03 11:03:02 276] isr        1559 3200  2  
[2021/03/03 11:03:02 277] isr        1636 ASR_MSG_GRSLT,   cloud  
[2021/03/03 11:03:02 277] isr        1335 0  nil  2  
[2021/03/03 11:03:02 436] isr        1547 ASR_MSG_AUW,   cloud  
[2021/03/03 11:03:02 437] isr        1559 3200  2  
[2021/03/03 11:03:02 438] isr        1547 ASR_MSG_AUW,   cloud  
[2021/03/03 11:03:02 438] isr        1559 3200  2  
[2021/03/03 11:03:02 599] isr        1547 ASR_MSG_AUW,   cloud  
[2021/03/03 11:03:02 600] isr        1559 3200  2  
[2021/03/03 11:03:02 762] isr        1547 ASR_MSG_AUW,   cloud  
[2021/03/03 11:03:02 763] isr        1559 3200  2  
[2021/03/03 11:03:02 764] isr        1547 ASR_MSG_AUW,   cloud  
[2021/03/03 11:03:02 764] isr        1559 3200  2  
[2021/03/03 11:03:02 926] isr        1547 ASR_MSG_AUW,   cloud  
[2021/03/03 11:03:02 926] isr        1559 3200  2  
[2021/03/03 11:03:02 927] isr        1547 ASR_MSG_AUW,   cloud  
[2021/03/03 11:03:02 927] isr        1559 3200  2  
[2021/03/03 11:03:03 070] isr        1547 ASR_MSG_AUW,   cloud  
[2021/03/03 11:03:03 070] isr        1559 3200  2  
[2021/03/03 11:03:03 233] isr        1547 ASR_MSG_AUW,   cloud  
[2021/03/03 11:03:03 233] isr        1559 3200  2  
[2021/03/03 11:03:03 234] isr        1547 ASR_MSG_AUW,   cloud  
[2021/03/03 11:03:03 234] isr        1559 3200  2  
[2021/03/03 11:03:03 396] isr        1547 ASR_MSG_AUW,   cloud  
[2021/03/03 11:03:03 396] isr        1559 3200  2  
[2021/03/03 11:03:03 559] isr        1547 ASR_MSG_AUW,   cloud  
[2021/03/03 11:03:03 559] isr        1559 3200  2  
[2021/03/03 11:03:03 560] isr        1547 ASR_MSG_AUW,   cloud  
[2021/03/03 11:03:03 560] isr        1559 3200  2  
[2021/03/03 11:03:03 722] isr        1547 ASR_MSG_AUW,   cloud  
[2021/03/03 11:03:03 722] isr        1559 3200  2  
[2021/03/03 11:03:03 723] isr        1547 ASR_MSG_AUW,   cloud  
[2021/03/03 11:03:03 724] isr        1559 3200  2  
[2021/03/03 11:03:03 885] isr        1547 ASR_MSG_AUW,   cloud  
[2021/03/03 11:03:03 885] isr        1559 3200  2  
[2021/03/03 11:03:04 048] isr        1547 ASR_MSG_AUW,   cloud  
[2021/03/03 11:03:04 048] isr        1559 3200  2  
[2021/03/03 11:03:04 049] isr        1547 ASR_MSG_AUW,   cloud  
[2021/03/03 11:03:04 049] isr        1559 3200  2  
[2021/03/03 11:03:04 211] isr        1547 ASR_MSG_AUW,   cloud  
[2021/03/03 11:03:04 212] isr        1559 3200  2  
[2021/03/03 11:03:04 213] isr        1547 ASR_MSG_AUW,   cloud  
[2021/03/03 11:03:04 213] isr        1559 3200  2  
[2021/03/03 11:03:04 374] isr        1547 ASR_MSG_AUW,   cloud  
[2021/03/03 11:03:04 375] isr        1559 3200  2  
[2021/03/03 11:03:04 537] isr        1547 ASR_MSG_AUW,   cloud  
[2021/03/03 11:03:04 538] isr        1559 3200  2  
[2021/03/03 11:03:04 539] isr        1547 ASR_MSG_AUW,   cloud  
[2021/03/03 11:03:04 539] isr        1559 3200  2  
[2021/03/03 11:03:04 700] isr        1547 ASR_MSG_AUW,   cloud  
[2021/03/03 11:03:04 700] isr        1559 3200  2  
[2021/03/03 11:03:04 863] isr        1547 ASR_MSG_AUW,   cloud  
[2021/03/03 11:03:04 863] isr        1559 3200  2  
[2021/03/03 11:03:04 865] isr        1547 ASR_MSG_AUW,   cloud  
[2021/03/03 11:03:04 865] isr        1559 3200  2  
[2021/03/03 11:03:05 026] isr        1547 ASR_MSG_AUW,   cloud  
[2021/03/03 11:03:05 027] isr        1559 3200  2  
[2021/03/03 11:03:05 028] isr        1547 ASR_MSG_AUW,   cloud  
[2021/03/03 11:03:05 028] isr        1559 3200  2  
[2021/03/03 11:03:05 189] isr        1547 ASR_MSG_AUW,   cloud  
[2021/03/03 11:03:05 189] isr        1559 3200  2  
[2021/03/03 11:03:05 243] isr        662  cloud_rslt_cb status =   0  
[2021/03/03 11:03:05 243] isr        641  process_result call:  cloud  nil  0  nil  
[2021/03/03 11:03:05 352] isr        1547 ASR_MSG_AUW,   cloud  
[2021/03/03 11:03:05 353] isr        1559 3200  2  
[2021/03/03 11:03:05 354] isr        1547 ASR_MSG_AUW,   cloud  
[2021/03/03 11:03:05 354] isr        1559 3200  2  
[2021/03/03 11:03:05 516] isr        1547 ASR_MSG_AUW,   cloud  
[2021/03/03 11:03:05 516] isr        1559 3200  2  
[2021/03/03 11:03:05 517] isr        1547 ASR_MSG_AUW,   cloud  
[2021/03/03 11:03:05 517] isr        1559 3200  2  
[2021/03/03 11:03:05 679] isr        1547 ASR_MSG_AUW,   cloud  
[2021/03/03 11:03:05 679] isr        1559 3200  2  
[2021/03/03 11:03:05 842] isr        1547 ASR_MSG_AUW,   cloud  
[2021/03/03 11:03:05 842] isr        1559 3200  2  
[2021/03/03 11:03:05 843] isr        1547 ASR_MSG_AUW,   cloud  
[2021/03/03 11:03:05 843] isr        1559 3200  2  
[2021/03/03 11:03:06 005] isr        1547 ASR_MSG_AUW,   cloud  
[2021/03/03 11:03:06 005] isr        1559 3200  2  
[2021/03/03 11:03:06 153] isr        1547 ASR_MSG_AUW,   cloud  
[2021/03/03 11:03:06 154] isr        1559 3200  2  
[2021/03/03 11:03:06 154] isr        1547 ASR_MSG_AUW,   cloud  
[2021/03/03 11:03:06 154] isr        1559 3200  2  
[2021/03/03 11:03:06 316] isr        1547 ASR_MSG_AUW,   cloud  
[2021/03/03 11:03:06 316] isr        1559 3200  2  
[2021/03/03 11:03:06 317] isr        1547 ASR_MSG_AUW,   cloud  
[2021/03/03 11:03:06 317] isr        1559 3200  2  
[2021/03/03 11:03:06 480] isr        1547 ASR_MSG_AUW,   cloud  
[2021/03/03 11:03:06 480] isr        1559 3200  2  
[2021/03/03 11:03:06 644] isr        1547 ASR_MSG_AUW,   cloud  
[2021/03/03 11:03:06 644] isr        1559 3200  2  
[2021/03/03 11:03:06 645] isr        1547 ASR_MSG_AUW,   cloud  
[2021/03/03 11:03:06 645] isr        1559 3200  2  
[2021/03/03 11:03:06 807] isr        1547 ASR_MSG_AUW,   cloud  
[2021/03/03 11:03:06 808] isr        1559 3200  2  
[2021/03/03 11:03:06 867] isr        662  cloud_rslt_cb status =   5  
[2021/03/03 11:03:06 868] isr        641  process_result call:  cloud  udata(3c035138) 5  nil  
[2021/03/03 11:03:06 868] isr        798  3  msc  
[2021/03/03 11:03:06 971] isr        1547 ASR_MSG_AUW,   cloud  
[2021/03/03 11:03:06 971] isr        1559 3200  2  
[2021/03/03 11:03:06 972] isr        1636 ASR_MSG_GRSLT,   cloud  
[2021/03/03 11:03:06 972] isr        1335 0  udata(3c035138) 5  
[2021/03/03 11:03:07 074] isr        1639 ASR_MSG_SSE,   cloud  
[2021/03/03 11:03:07 074] isr        1356 session_end() [in]  
[2021/03/03 11:03:07 074] isr        1421 cloud_session_end() [in]  
[2021/03/03 11:03:07 076] isr        1488 ns_host=  open.xf-yun.com  
[2021/03/03 11:03:07 077] isr        1498 tick()mod=  4382394  
[2021/03/03 11:03:07 077] isr        1499 tick()=  4382395  
[2021/03/03 11:03:07 077] isr        1501 diff=  9394  
[2021/03/03 11:03:07 077] isr        1514 cloud_session_end() [out]  
[2021/03/03 11:03:07 078] isr        1667 isr unload!  
